<?xml version="1.0" encoding="UTF-8"?>
<testng-results skipped="0" failed="0" ignored="0" total="1" passed="1">
  <reporter-output>
  </reporter-output>
  <suite name="logintest" duration-ms="24405" started-at="2022-05-31T07:23:42 BST" finished-at="2022-05-31T07:24:07 BST">
    <groups>
    </groups>
    <test name="chromeTest" duration-ms="24405" started-at="2022-05-31T07:23:42 BST" finished-at="2022-05-31T07:24:07 BST">
      <class name="com.nopcommerce.testCases.TC_AddCustomerTest_003">
        <test-method status="PASS" signature="setUrl(java.lang.String)[pri:0, instance:com.nopcommerce.testCases.TC_AddCustomerTest_003@3b084709]" name="setUrl" is-config="true" duration-ms="8388" started-at="2022-05-31T07:23:43 BST" finished-at="2022-05-31T07:23:51 BST">
          <params>
            <param index="0">
              <value>
                <![CDATA[chrome]]>
              </value>
            </param>
          </params>
          <reporter-output>
          </reporter-output>
        </test-method> <!-- setUrl -->
        <test-method status="PASS" signature="AddNewCustomer()[pri:0, instance:com.nopcommerce.testCases.TC_AddCustomerTest_003@3b084709]" name="AddNewCustomer" duration-ms="14980" started-at="2022-05-31T07:23:51 BST" finished-at="2022-05-31T07:24:06 BST">
          <reporter-output>
          </reporter-output>
        </test-method> <!-- AddNewCustomer -->
        <test-method status="PASS" signature="teardown()[pri:0, instance:com.nopcommerce.testCases.TC_AddCustomerTest_003@3b084709]" name="teardown" is-config="true" duration-ms="749" started-at="2022-05-31T07:24:06 BST" finished-at="2022-05-31T07:24:07 BST">
          <reporter-output>
          </reporter-output>
        </test-method> <!-- teardown -->
      </class> <!-- com.nopcommerce.testCases.TC_AddCustomerTest_003 -->
    </test> <!-- chromeTest -->
  </suite> <!-- logintest -->
</testng-results>
