<?xml version="1.0" encoding="UTF-8"?>
<testng-results ignored="0" total="1" passed="1" failed="0" skipped="0">
  <reporter-output>
  </reporter-output>
  <suite started-at="2022-05-29T22:52:51 BST" name="logintest" finished-at="2022-05-29T22:53:16 BST" duration-ms="24584">
    <groups>
    </groups>
    <test started-at="2022-05-29T22:52:51 BST" name="chromeTest" finished-at="2022-05-29T22:53:16 BST" duration-ms="24584">
      <class name="com.nopcommerce.testCases.TC_AddCustomerTest_003">
        <test-method is-config="true" signature="setUrl(java.lang.String)[pri:0, instance:com.nopcommerce.testCases.TC_AddCustomerTest_003@6c130c45]" started-at="2022-05-29T22:52:52 BST" name="setUrl" finished-at="2022-05-29T22:53:00 BST" duration-ms="8142" status="PASS">
          <params>
            <param index="0">
              <value>
                <![CDATA[chrome]]>
              </value>
            </param>
          </params>
          <reporter-output>
          </reporter-output>
        </test-method> <!-- setUrl -->
        <test-method signature="AddNewCustomer()[pri:0, instance:com.nopcommerce.testCases.TC_AddCustomerTest_003@6c130c45]" started-at="2022-05-29T22:53:00 BST" name="AddNewCustomer" finished-at="2022-05-29T22:53:15 BST" duration-ms="15210" status="PASS">
          <reporter-output>
          </reporter-output>
        </test-method> <!-- AddNewCustomer -->
        <test-method is-config="true" signature="teardown()[pri:0, instance:com.nopcommerce.testCases.TC_AddCustomerTest_003@6c130c45]" started-at="2022-05-29T22:53:15 BST" name="teardown" finished-at="2022-05-29T22:53:16 BST" duration-ms="812" status="PASS">
          <reporter-output>
          </reporter-output>
        </test-method> <!-- teardown -->
      </class> <!-- com.nopcommerce.testCases.TC_AddCustomerTest_003 -->
    </test> <!-- chromeTest -->
  </suite> <!-- logintest -->
</testng-results>
